Arguments: 
  D:\Program Files\nodejs\node.exe C:\Users\Administrator\AppData\Roaming\npm\node_modules\yarn\bin\yarn.js add typescript --dev

PATH: 
  C:\Users\Administrator\bin;D:\program files\Git\mingw64\bin;D:\program files\Git\usr\local\bin;D:\program files\Git\usr\bin;D:\program files\Git\usr\bin;D:\program files\Git\mingw64\bin;D:\program files\Git\usr\bin;C:\Users\Administrator\bin;C:\WINDOWS\system32;C:\WINDOWS;C:\WINDOWS\System32\Wbem;C:\WINDOWS\System32\WindowsPowerShell\v1.0;C:\WINDOWS\System32\OpenSSH;D:\Program Files\Git\cmd;D:\Program Files\nodejs;D:\Program Files (x86)\Tencent\微信web开发者工具\dll;D:\Program Files (x86)\NetSarang\Xshell 7;C:\Users\Administrator\AppData\Local\Microsoft\WindowsApps;C:\Users\Administrator\AppData\Roaming\npm;D:\Users\Administrator\AppData\Local\Programs\Microsoft VS Code\bin;D:\program files\Git\usr\bin\vendor_perl;D:\program files\Git\usr\bin\core_perl

Yarn version: 
  1.22.17

Node version: 
  16.13.2

Platform: 
  win32 x64

Trace: 
  Error: connect ETIMEDOUT 104.16.22.35:443
      at TCPConnectWrap.afterConnect [as oncomplete] (node:net:1161:16)

npm manifest: 
  {
    "name": "mini-vue",
    "version": "1.0.0",
    "main": "index.js",
    "license": "MIT"
  }

yarn manifest: 
  No manifest

Lockfile: 
  No lockfile
